[GIN-debug] GET    /myproject/*filepath      --> github.com/gin-gonic/gin.(*RouterGroup).createStaticHandler.func1 (5 handlers)
[GIN-debug] HEAD   /myproject/*filepath      --> github.com/gin-gonic/gin.(*RouterGroup).createStaticHandler.func1 (5 handlers)
[GIN-debug] GET    /ping                     --> myProject/routers.InitRouter.func1 (5 handlers)
[GIN-debug] GET    /auth                     --> myProject/routers/api.GetAuth (5 handlers)
[GIN-debug] POST   /user/login               --> myProject/controllers.UserC.Login-fm (5 handlers)
[GIN-debug] POST   /user/insertuser          --> myProject/controllers.UserC.Insertuser-fm (6 handlers)
[GIN-debug] POST   /user/queryalluser        --> myProject/controllers.UserC.Queryalluser-fm (6 handlers)
[GIN-debug] GET    /user/getalluser          --> myProject/controllers.UserC.Getalluser-fm (6 handlers)
[GIN-debug] GET    /user/QueryByUsername     --> myProject/controllers.UserC.QueryByUsername-fm (6 handlers)
[GIN-debug] POST   /user/updateuser          --> myProject/controllers.UserC.Updateuser-fm (6 handlers)
[GIN-debug] POST   /user/deluser             --> myProject/controllers.UserC.Deluser-fm (6 handlers)
[GIN-debug] GET    /user/getroles            --> myProject/controllers.RoleC.GetRoles-fm (6 handlers)
[GIN-debug] POST   /file/uploadfile          --> myProject/controllers.Uploadfile (5 handlers)
[GIN-debug] GET    /file/downloadfile        --> myProject/controllers.Downloadfile (5 handlers)
[GIN-debug] GET    /file/readfile            --> myProject/controllers.Readfile (5 handlers)
[GIN-debug] GET    /userinfo/getuserinfo     --> myProject/controllers.GetUserInfo (5 handlers)
[GIN-debug] POST   /userinfo/updateuser      --> myProject/controllers.UpdateUser (5 handlers)
[GIN-debug] GET    /test/test1               --> myProject/controllers.TestC.TestInsert-fm (5 handlers)
[GIN-debug] GET    /test/test2               --> myProject/controllers.TestC.Test2-fm (5 handlers)
[GIN-debug] GET    /test/test3               --> myProject/controllers.TestC.Test3-fm (5 handlers)
[GIN-debug] GET    /test/test4               --> myProject/controllers.TestC.Test4-fm (5 handlers)
[GIN-debug] GET    /test/test5               --> myProject/controllers.TestC.Test5-fm (5 handlers)
[GIN-debug] GET    /test/test6               --> myProject/controllers.TestC.Test6-fm (5 handlers)
[GIN-debug] POST   /test/test7               --> myProject/controllers.TestC.Test7-fm (5 handlers)
[GIN-debug] Listening and serving HTTP on :8888
